This is pdfTeX, Version 3.1415926-2.3-1.40.12 (MiKTeX 2.9) (preloaded format=pdflatex 2019.10.19)  20 JAN 2020 14:17
entering extended mode
**D:/CTL-git/CTL-public/model-based/IJCAI-model-based-4-complexity.tex
(D:/CTL-git/CTL-public/model-based/IJCAI-model-based-4-complexity.tex
LaTeX2e <2011/06/27>
Babel <v3.8m> and hyphenation patterns for loaded.
IJCAI--PRICAI--20 Multiple authors example
(C:\CTEX\MiKTeX\tex\latex\base\article.cls
Document Class: article 2007/10/19 v1.4h Standard LaTeX document class
(C:\CTEX\MiKTeX\tex\latex\base\size10.clo
File: size10.clo 2007/10/19 v1.4h Standard LaTeX file (size option)
)
\c@part=\count79
\c@section=\count80
\c@subsection=\count81
\c@subsubsection=\count82
\c@paragraph=\count83
\c@subparagraph=\count84
\c@figure=\count85
\c@table=\count86
\abovecaptionskip=\skip41
\belowcaptionskip=\skip42
\bibindent=\dimen102
)
(D:\CTL-git\CTL-public\model-based\ijcai20.sty
Conference Style, version of November 2018
\titlepad=\skip43
\titlebox=\skip44
Named Citation Style, version of 30 November 1994
) (C:\CTEX\MiKTeX\tex\latex\psnfss\times.sty
Package: times 2005/04/12 PSNFSS-v9.2a (SPQR) 
)
(C:\CTEX\MiKTeX\tex\latex\soul\soul.sty
Package: soul 2003/11/17 v2.4 letterspacing/underlining (mf)
\SOUL@word=\toks14
\SOUL@lasttoken=\toks15
\SOUL@cmds=\toks16
\SOUL@buffer=\toks17
\SOUL@token=\toks18
\SOUL@spaceskip=\skip45
\SOUL@ttwidth=\dimen103
\SOUL@uldp=\dimen104
\SOUL@ulht=\dimen105
)
(C:\CTEX\MiKTeX\tex\latex\ltxmisc\url.sty
\Urlmuskip=\muskip10
Package: url 2006/04/12  ver 3.3  Verb mode for urls, etc.
)
(C:\CTEX\MiKTeX\tex\latex\hyperref\hyperref.sty
Package: hyperref 2012/02/06 v6.82o Hypertext links for LaTeX

(C:\CTEX\MiKTeX\tex\generic\oberdiek\hobsub-hyperref.sty
Package: hobsub-hyperref 2011/04/23 v1.4 Bundle oberdiek, subset hyperref (HO)

(C:\CTEX\MiKTeX\tex\generic\oberdiek\hobsub-generic.sty
Package: hobsub-generic 2011/04/23 v1.4 Bundle oberdiek, subset generic (HO)
Package: hobsub 2011/04/23 v1.4 Subsetting bundle oberdiek (HO)
Package: infwarerr 2010/04/08 v1.3 Providing info/warning/message (HO)
Package: ltxcmds 2011/04/18 v1.20 LaTeX kernel commands for general use (HO)
Package: ifluatex 2010/03/01 v1.3 Provides the ifluatex switch (HO)
Package ifluatex Info: LuaTeX not detected.
Package: ifvtex 2010/03/01 v1.5 Switches for detecting VTeX and its modes (HO)
Package ifvtex Info: VTeX not detected.
Package: intcalc 2007/09/27 v1.1 Expandable integer calculations (HO)
Package: ifpdf 2011/01/30 v2.3 Provides the ifpdf switch (HO)
Package ifpdf Info: pdfTeX in PDF mode is detected.
Package: etexcmds 2011/02/16 v1.5 Prefix for e-TeX command names (HO)
Package etexcmds Info: Could not find \expanded.
(etexcmds)             That can mean that you are not using pdfTeX 1.50 or
(etexcmds)             that some package has redefined \expanded.
(etexcmds)             In the latter case, load this package earlier.
Package: kvsetkeys 2011/04/07 v1.13 Key value parser (HO)
Package: kvdefinekeys 2011/04/07 v1.3 Defining keys (HO)
Package: pdftexcmds 2011/04/22 v0.16 Utilities of pdfTeX for LuaTeX (HO)
Package pdftexcmds Info: LuaTeX not detected.
Package pdftexcmds Info: \pdf@primitive is available.
Package pdftexcmds Info: \pdf@ifprimitive is available.
Package pdftexcmds Info: \pdfdraftmode found.
Package: pdfescape 2011/04/04 v1.12 Provides string conversions (HO)
Package: bigintcalc 2011/01/30 v1.2 Expandable big integer calculations (HO)
Package: bitset 2011/01/30 v1.1 Data type bit set (HO)
Package: uniquecounter 2011/01/30 v1.2 Provides unlimited unique counter (HO)
)
Package hobsub Info: Skipping package `hobsub' (already loaded).
Package: letltxmacro 2010/09/02 v1.4 Let assignment for LaTeX macros (HO)
Package: hopatch 2011/01/30 v1.0 Wrapper for package hooks (HO)
Package: xcolor-patch 2011/01/30 xcolor patch
Package: atveryend 2011/04/23 v1.7 Hooks at very end of document (HO)
Package: atbegshi 2011/01/30 v1.15 At begin shipout hook (HO)
Package: refcount 2010/12/01 v3.2 Data extraction from references (HO)
Package: hycolor 2011/01/30 v1.7 Color options of hyperref/bookmark (HO)
)
(C:\CTEX\MiKTeX\tex\latex\graphics\keyval.sty
Package: keyval 1999/03/16 v1.13 key=value parser (DPC)
\KV@toks@=\toks19
)
(C:\CTEX\MiKTeX\tex\generic\ifxetex\ifxetex.sty
Package: ifxetex 2010/09/12 v0.6 Provides ifxetex conditional
)
(C:\CTEX\MiKTeX\tex\latex\oberdiek\kvoptions.sty
Package: kvoptions 2010/12/23 v3.10 Keyval support for LaTeX options (HO)
)
\@linkdim=\dimen106
\Hy@linkcounter=\count87
\Hy@pagecounter=\count88

(C:\CTEX\MiKTeX\tex\latex\hyperref\pd1enc.def
File: pd1enc.def 2012/02/06 v6.82o Hyperref: PDFDocEncoding definition (HO)
)
\Hy@SavedSpaceFactor=\count89

(C:\CTEX\MiKTeX\tex\latex\00miktex\hyperref.cfg
File: hyperref.cfg 2002/06/06 v1.2 hyperref configuration of TeXLive
)
Package hyperref Info: Hyper figures OFF on input line 4046.
Package hyperref Info: Link nesting OFF on input line 4051.
Package hyperref Info: Hyper index ON on input line 4054.
Package hyperref Info: Plain pages OFF on input line 4061.
Package hyperref Info: Backreferencing OFF on input line 4066.
Package hyperref Info: Implicit mode ON; LaTeX internals redefined.
Package hyperref Info: Bookmarks ON on input line 4284.
\c@Hy@tempcnt=\count90
LaTeX Info: Redefining \url on input line 4637.
\Fld@menulength=\count91
\Field@Width=\dimen107
\Fld@charsize=\dimen108
Package hyperref Info: Hyper figures OFF on input line 5757.
Package hyperref Info: Link nesting OFF on input line 5762.
Package hyperref Info: Hyper index ON on input line 5765.
Package hyperref Info: backreferencing OFF on input line 5772.
Package hyperref Info: Link coloring OFF on input line 5777.
Package hyperref Info: Link coloring with OCG OFF on input line 5782.
Package hyperref Info: PDF/A mode OFF on input line 5787.
LaTeX Info: Redefining \ref on input line 5827.
LaTeX Info: Redefining \pageref on input line 5831.
\Hy@abspage=\count92
\c@Item=\count93
\c@Hfootnote=\count94
)

Package hyperref Message: Driver (autodetected): hpdftex.

(C:\CTEX\MiKTeX\tex\latex\hyperref\hpdftex.def
File: hpdftex.def 2012/02/06 v6.82o Hyperref driver for pdfTeX
\Fld@listcount=\count95
\c@bookmark@seq@number=\count96

(C:\CTEX\MiKTeX\tex\latex\oberdiek\rerunfilecheck.sty
Package: rerunfilecheck 2011/04/15 v1.7 Rerun checks for auxiliary files (HO)
Package uniquecounter Info: New unique counter `rerunfilecheck' on input line 2
82.
)
\Hy@SectionHShift=\skip46
)
(C:\CTEX\MiKTeX\tex\latex\base\inputenc.sty
Package: inputenc 2008/03/30 v1.1d Input encoding file
\inpenc@prehook=\toks20
\inpenc@posthook=\toks21

(C:\CTEX\MiKTeX\tex\latex\base\utf8.def
File: utf8.def 2008/04/05 v1.1m UTF-8 support for inputenc
Now handling font encoding OML ...
... no UTF-8 mapping file for font encoding OML
Now handling font encoding T1 ...
... processing UTF-8 mapping file for font encoding T1

(C:\CTEX\MiKTeX\tex\latex\base\t1enc.dfu
File: t1enc.dfu 2008/04/05 v1.1m UTF-8 support for inputenc
   defining Unicode char U+00A1 (decimal 161)
   defining Unicode char U+00A3 (decimal 163)
   defining Unicode char U+00AB (decimal 171)
   defining Unicode char U+00BB (decimal 187)
   defining Unicode char U+00BF (decimal 191)
   defining Unicode char U+00C0 (decimal 192)
   defining Unicode char U+00C1 (decimal 193)
   defining Unicode char U+00C2 (decimal 194)
   defining Unicode char U+00C3 (decimal 195)
   defining Unicode char U+00C4 (decimal 196)
   defining Unicode char U+00C5 (decimal 197)
   defining Unicode char U+00C6 (decimal 198)
   defining Unicode char U+00C7 (decimal 199)
   defining Unicode char U+00C8 (decimal 200)
   defining Unicode char U+00C9 (decimal 201)
   defining Unicode char U+00CA (decimal 202)
   defining Unicode char U+00CB (decimal 203)
   defining Unicode char U+00CC (decimal 204)
   defining Unicode char U+00CD (decimal 205)
   defining Unicode char U+00CE (decimal 206)
   defining Unicode char U+00CF (decimal 207)
   defining Unicode char U+00D0 (decimal 208)
   defining Unicode char U+00D1 (decimal 209)
   defining Unicode char U+00D2 (decimal 210)
   defining Unicode char U+00D3 (decimal 211)
   defining Unicode char U+00D4 (decimal 212)
   defining Unicode char U+00D5 (decimal 213)
   defining Unicode char U+00D6 (decimal 214)
   defining Unicode char U+00D8 (decimal 216)
   defining Unicode char U+00D9 (decimal 217)
   defining Unicode char U+00DA (decimal 218)
   defining Unicode char U+00DB (decimal 219)
   defining Unicode char U+00DC (decimal 220)
   defining Unicode char U+00DD (decimal 221)
   defining Unicode char U+00DE (decimal 222)
   defining Unicode char U+00DF (decimal 223)
   defining Unicode char U+00E0 (decimal 224)
   defining Unicode char U+00E1 (decimal 225)
   defining Unicode char U+00E2 (decimal 226)
   defining Unicode char U+00E3 (decimal 227)
   defining Unicode char U+00E4 (decimal 228)
   defining Unicode char U+00E5 (decimal 229)
   defining Unicode char U+00E6 (decimal 230)
   defining Unicode char U+00E7 (decimal 231)
   defining Unicode char U+00E8 (decimal 232)
   defining Unicode char U+00E9 (decimal 233)
   defining Unicode char U+00EA (decimal 234)
   defining Unicode char U+00EB (decimal 235)
   defining Unicode char U+00EC (decimal 236)
   defining Unicode char U+00ED (decimal 237)
   defining Unicode char U+00EE (decimal 238)
   defining Unicode char U+00EF (decimal 239)
   defining Unicode char U+00F0 (decimal 240)
   defining Unicode char U+00F1 (decimal 241)
   defining Unicode char U+00F2 (decimal 242)
   defining Unicode char U+00F3 (decimal 243)
   defining Unicode char U+00F4 (decimal 244)
   defining Unicode char U+00F5 (decimal 245)
   defining Unicode char U+00F6 (decimal 246)
   defining Unicode char U+00F8 (decimal 248)
   defining Unicode char U+00F9 (decimal 249)
   defining Unicode char U+00FA (decimal 250)
   defining Unicode char U+00FB (decimal 251)
   defining Unicode char U+00FC (decimal 252)
   defining Unicode char U+00FD (decimal 253)
   defining Unicode char U+00FE (decimal 254)
   defining Unicode char U+00FF (decimal 255)
   defining Unicode char U+0102 (decimal 258)
   defining Unicode char U+0103 (decimal 259)
   defining Unicode char U+0104 (decimal 260)
   defining Unicode char U+0105 (decimal 261)
   defining Unicode char U+0106 (decimal 262)
   defining Unicode char U+0107 (decimal 263)
   defining Unicode char U+010C (decimal 268)
   defining Unicode char U+010D (decimal 269)
   defining Unicode char U+010E (decimal 270)
   defining Unicode char U+010F (decimal 271)
   defining Unicode char U+0110 (decimal 272)
   defining Unicode char U+0111 (decimal 273)
   defining Unicode char U+0118 (decimal 280)
   defining Unicode char U+0119 (decimal 281)
   defining Unicode char U+011A (decimal 282)
   defining Unicode char U+011B (decimal 283)
   defining Unicode char U+011E (decimal 286)
   defining Unicode char U+011F (decimal 287)
   defining Unicode char U+0130 (decimal 304)
   defining Unicode char U+0131 (decimal 305)
   defining Unicode char U+0132 (decimal 306)
   defining Unicode char U+0133 (decimal 307)
   defining Unicode char U+0139 (decimal 313)
   defining Unicode char U+013A (decimal 314)
   defining Unicode char U+013D (decimal 317)
   defining Unicode char U+013E (decimal 318)
   defining Unicode char U+0141 (decimal 321)
   defining Unicode char U+0142 (decimal 322)
   defining Unicode char U+0143 (decimal 323)
   defining Unicode char U+0144 (decimal 324)
   defining Unicode char U+0147 (decimal 327)
   defining Unicode char U+0148 (decimal 328)
   defining Unicode char U+014A (decimal 330)
   defining Unicode char U+014B (decimal 331)
   defining Unicode char U+0150 (decimal 336)
   defining Unicode char U+0151 (decimal 337)
   defining Unicode char U+0152 (decimal 338)
   defining Unicode char U+0153 (decimal 339)
   defining Unicode char U+0154 (decimal 340)
   defining Unicode char U+0155 (decimal 341)
   defining Unicode char U+0158 (decimal 344)
   defining Unicode char U+0159 (decimal 345)
   defining Unicode char U+015A (decimal 346)
   defining Unicode char U+015B (decimal 347)
   defining Unicode char U+015E (decimal 350)
   defining Unicode char U+015F (decimal 351)
   defining Unicode char U+0160 (decimal 352)
   defining Unicode char U+0161 (decimal 353)
   defining Unicode char U+0162 (decimal 354)
   defining Unicode char U+0163 (decimal 355)
   defining Unicode char U+0164 (decimal 356)
   defining Unicode char U+0165 (decimal 357)
   defining Unicode char U+016E (decimal 366)
   defining Unicode char U+016F (decimal 367)
   defining Unicode char U+0170 (decimal 368)
   defining Unicode char U+0171 (decimal 369)
   defining Unicode char U+0178 (decimal 376)
   defining Unicode char U+0179 (decimal 377)
   defining Unicode char U+017A (decimal 378)
   defining Unicode char U+017B (decimal 379)
   defining Unicode char U+017C (decimal 380)
   defining Unicode char U+017D (decimal 381)
   defining Unicode char U+017E (decimal 382)
   defining Unicode char U+200C (decimal 8204)
   defining Unicode char U+2013 (decimal 8211)
   defining Unicode char U+2014 (decimal 8212)
   defining Unicode char U+2018 (decimal 8216)
   defining Unicode char U+2019 (decimal 8217)
   defining Unicode char U+201A (decimal 8218)
   defining Unicode char U+201C (decimal 8220)
   defining Unicode char U+201D (decimal 8221)
   defining Unicode char U+201E (decimal 8222)
   defining Unicode char U+2030 (decimal 8240)
   defining Unicode char U+2031 (decimal 8241)
   defining Unicode char U+2039 (decimal 8249)
   defining Unicode char U+203A (decimal 8250)
   defining Unicode char U+2423 (decimal 9251)
)
Now handling font encoding OT1 ...
... processing UTF-8 mapping file for font encoding OT1

(C:\CTEX\MiKTeX\tex\latex\base\ot1enc.dfu
File: ot1enc.dfu 2008/04/05 v1.1m UTF-8 support for inputenc
   defining Unicode char U+00A1 (decimal 161)
   defining Unicode char U+00A3 (decimal 163)
   defining Unicode char U+00B8 (decimal 184)
   defining Unicode char U+00BF (decimal 191)
   defining Unicode char U+00C5 (decimal 197)
   defining Unicode char U+00C6 (decimal 198)
   defining Unicode char U+00D8 (decimal 216)
   defining Unicode char U+00DF (decimal 223)
   defining Unicode char U+00E6 (decimal 230)
   defining Unicode char U+00EC (decimal 236)
   defining Unicode char U+00ED (decimal 237)
   defining Unicode char U+00EE (decimal 238)
   defining Unicode char U+00EF (decimal 239)
   defining Unicode char U+00F8 (decimal 248)
   defining Unicode char U+0131 (decimal 305)
   defining Unicode char U+0141 (decimal 321)
   defining Unicode char U+0142 (decimal 322)
   defining Unicode char U+0152 (decimal 338)
   defining Unicode char U+0153 (decimal 339)
   defining Unicode char U+2013 (decimal 8211)
   defining Unicode char U+2014 (decimal 8212)
   defining Unicode char U+2018 (decimal 8216)
   defining Unicode char U+2019 (decimal 8217)
   defining Unicode char U+201C (decimal 8220)
   defining Unicode char U+201D (decimal 8221)
)
Now handling font encoding OMS ...
... processing UTF-8 mapping file for font encoding OMS

(C:\CTEX\MiKTeX\tex\latex\base\omsenc.dfu
File: omsenc.dfu 2008/04/05 v1.1m UTF-8 support for inputenc
   defining Unicode char U+00A7 (decimal 167)
   defining Unicode char U+00B6 (decimal 182)
   defining Unicode char U+00B7 (decimal 183)
   defining Unicode char U+2020 (decimal 8224)
   defining Unicode char U+2021 (decimal 8225)
   defining Unicode char U+2022 (decimal 8226)
)
Now handling font encoding OMX ...
... no UTF-8 mapping file for font encoding OMX
Now handling font encoding U ...
... no UTF-8 mapping file for font encoding U
Now handling font encoding PD1 ...
... no UTF-8 mapping file for font encoding PD1
   defining Unicode char U+00A9 (decimal 169)
   defining Unicode char U+00AA (decimal 170)
   defining Unicode char U+00AE (decimal 174)
   defining Unicode char U+00BA (decimal 186)
   defining Unicode char U+02C6 (decimal 710)
   defining Unicode char U+02DC (decimal 732)
   defining Unicode char U+200C (decimal 8204)
   defining Unicode char U+2026 (decimal 8230)
   defining Unicode char U+2122 (decimal 8482)
   defining Unicode char U+2423 (decimal 9251)
))
(C:\CTEX\MiKTeX\tex\latex\caption\caption.sty
Package: caption 2011/11/10 v3.2e Customizing captions (AR)

(C:\CTEX\MiKTeX\tex\latex\caption\caption3.sty
Package: caption3 2011/11/01 v1.4a caption3 kernel (AR)
\captionmargin=\dimen109
\captionmargin@=\dimen110
\captionwidth=\dimen111
\caption@indent=\dimen112
\caption@parindent=\dimen113
\caption@hangindent=\dimen114
)
\c@ContinuedFloat=\count97
Package caption Info: hyperref package is loaded.
)
(C:\CTEX\MiKTeX\tex\latex\graphics\graphicx.sty
Package: graphicx 1999/02/16 v1.0f Enhanced LaTeX Graphics (DPC,SPQR)

(C:\CTEX\MiKTeX\tex\latex\graphics\graphics.sty
Package: graphics 2009/02/05 v1.0o Standard LaTeX Graphics (DPC,SPQR)

(C:\CTEX\MiKTeX\tex\latex\graphics\trig.sty
Package: trig 1999/03/16 v1.09 sin cos tan (DPC)
)
(C:\CTEX\MiKTeX\tex\latex\00miktex\graphics.cfg
File: graphics.cfg 2007/01/18 v1.5 graphics configuration of teTeX/TeXLive
)
Package graphics Info: Driver file: pdftex.def on input line 91.

(C:\CTEX\MiKTeX\tex\latex\pdftex-def\pdftex.def
File: pdftex.def 2011/05/27 v0.06d Graphics/color for pdfTeX
\Gread@gobject=\count98
))
\Gin@req@height=\dimen115
\Gin@req@width=\dimen116
)
(C:\CTEX\MiKTeX\tex\latex\ams\math\amsmath.sty
Package: amsmath 2000/07/18 v2.13 AMS math features
\@mathmargin=\skip47

For additional information on amsmath, use the `?' option.
(C:\CTEX\MiKTeX\tex\latex\ams\math\amstext.sty
Package: amstext 2000/06/29 v2.01

(C:\CTEX\MiKTeX\tex\latex\ams\math\amsgen.sty
File: amsgen.sty 1999/11/30 v2.0
\@emptytoks=\toks22
\ex@=\dimen117
))
(C:\CTEX\MiKTeX\tex\latex\ams\math\amsbsy.sty
Package: amsbsy 1999/11/29 v1.2d
\pmbraise@=\dimen118
)
(C:\CTEX\MiKTeX\tex\latex\ams\math\amsopn.sty
Package: amsopn 1999/12/14 v2.01 operator names
)
\inf@bad=\count99
LaTeX Info: Redefining \frac on input line 211.
\uproot@=\count100
\leftroot@=\count101
LaTeX Info: Redefining \overline on input line 307.
\classnum@=\count102
\DOTSCASE@=\count103
LaTeX Info: Redefining \ldots on input line 379.
LaTeX Info: Redefining \dots on input line 382.
LaTeX Info: Redefining \cdots on input line 467.
\Mathstrutbox@=\box26
\strutbox@=\box27
\big@size=\dimen119
LaTeX Font Info:    Redeclaring font encoding OML on input line 567.
LaTeX Font Info:    Redeclaring font encoding OMS on input line 568.
\macc@depth=\count104
\c@MaxMatrixCols=\count105
\dotsspace@=\muskip11
\c@parentequation=\count106
\dspbrk@lvl=\count107
\tag@help=\toks23
\row@=\count108
\column@=\count109
\maxfields@=\count110
\andhelp@=\toks24
\eqnshift@=\dimen120
\alignsep@=\dimen121
\tagshift@=\dimen122
\tagwidth@=\dimen123
\totwidth@=\dimen124
\lineht@=\dimen125
\@envbody=\toks25
\multlinegap=\skip48
\multlinetaggap=\skip49
\mathdisplay@stack=\toks26
LaTeX Info: Redefining \[ on input line 2666.
LaTeX Info: Redefining \] on input line 2667.
)
(C:\CTEX\MiKTeX\tex\latex\booktabs\booktabs.sty
Package: booktabs 2005/04/14 v1.61803 publication quality tables
\heavyrulewidth=\dimen126
\lightrulewidth=\dimen127
\cmidrulewidth=\dimen128
\belowrulesep=\dimen129
\belowbottomsep=\dimen130
\aboverulesep=\dimen131
\abovetopsep=\dimen132
\cmidrulesep=\dimen133
\cmidrulekern=\dimen134
\defaultaddspace=\dimen135
\@cmidla=\count111
\@cmidlb=\count112
\@aboverulesep=\dimen136
\@belowrulesep=\dimen137
\@thisruleclass=\count113
\@lastruleclass=\count114
\@thisrulewidth=\dimen138
)
(C:\CTEX\MiKTeX\tex\latex\setspace\setspace.sty
Package: setspace 2011/12/19 v6.7a set line spacing
)
(C:\CTEX\MiKTeX\tex\latex\psnfss\helvet.sty
Package: helvet 2005/04/12 PSNFSS-v9.2a (WaS) 
)
(C:\CTEX\MiKTeX\tex\latex\psnfss\courier.sty
Package: courier 2005/04/12 PSNFSS-v9.2a (WaS) 
)
(C:\CTEX\MiKTeX\tex\latex\tools\enumerate.sty
Package: enumerate 1999/03/05 v3.00 enumerate extensions (DPC)
\@enLab=\toks27
)
(C:\CTEX\MiKTeX\tex\latex\amsfonts\amssymb.sty
Package: amssymb 2009/06/22 v3.00

(C:\CTEX\MiKTeX\tex\latex\amsfonts\amsfonts.sty
Package: amsfonts 2009/06/22 v3.00 Basic AMSFonts support
\symAMSa=\mathgroup4
\symAMSb=\mathgroup5
LaTeX Font Info:    Overwriting math alphabet `\mathfrak' in version `bold'
(Font)                  U/euf/m/n --> U/euf/b/n on input line 96.
))
(C:\CTEX\MiKTeX\tex\latex\subfigure\subfigure.sty
Package: subfigure 2002/07/30 v2.1.4 subfigure package
\subfigtopskip=\skip50
\subfigcapskip=\skip51
\subfigcaptopadj=\dimen139
\subfigbottomskip=\skip52
\subfigcapmargin=\dimen140
\subfiglabelskip=\skip53
\c@subfigure=\count115
\c@lofdepth=\count116
\c@subtable=\count117
\c@lotdepth=\count118

****************************************
* Local config file subfigure.cfg used *
****************************************
(C:\CTEX\MiKTeX\tex\latex\subfigure\subfigure.cfg)
\subfig@top=\skip54
\subfig@bottom=\skip55
)
(C:\CTEX\MiKTeX\tex\latex\algorithm2e\algorithm2e.sty
Package: algorithm2e 2008/00/00 v3.10 algorithms environments
\c@AlgoLine=\count119

(C:\CTEX\MiKTeX\tex\latex\base\ifthen.sty
Package: ifthen 2001/05/26 v1.1c Standard LaTeX ifthen package (DPC)
)
(C:\CTEX\MiKTeX\tex\latex\tools\xspace.sty
Package: xspace 2009/10/20 v1.13 Space after command names (DPC,MH)
)
(C:\CTEX\MiKTeX\tex\latex\ltxmisc\relsize.sty
Package: relsize 2003/07/04 ver 3.1


Package relsize Warning: Failed to get list of font sizes.
(relsize)                Falling back to old definition. on input line 81.

)
********************************************************
Package `algorithm2e' Release 4.01 -- december 14 2009 --
- algorithm2e-announce@lirmm.fr mailing list for announcement about releases
- algorithm2e-discussion@lirmm.fr mailing list for discussion about package
subscribe by emailing sympa@lirmm.fr with 'subscribe <list> <firstname name>'
- Author: Christophe Fiorio (fiorio@lirmm.fr)
********************************************************
\skiptotal=\skip56
\skiplinenumber=\skip57
\skiprule=\skip58
\skiphlne=\skip59
\skiptext=\skip60
\skiplength=\skip61
\algomargin=\skip62
\skipalgocfslide=\skip63
\algowidth=\dimen141
\inoutsize=\dimen142
\inoutline=\dimen143
\interspacetitleruled=\dimen144
\interspacealgoruled=\dimen145
\interspacetitleboxruled=\dimen146
\algocf@inoutbox=\box28
\algocf@inputbox=\box29
\AlCapSkip=\skip64
\AlCapHSkip=\skip65
\algocf@nlbox=\box30
\algocf@hangingbox=\box31
\algocf@capbox=\box32
\algoheightruledefault=\skip66
\algoheightrule=\skip67
\algotitleheightruledefault=\skip68
\algotitleheightrule=\skip69
\c@algocfline=\count120
\c@algocfproc=\count121
\c@algocf=\count122
\algocf@algoframe=\box33
\algocf@algobox=\box34
) (D:\CTL-git\CTL-public\model-based\IJCAI-model-based-4-complexity.aux)
LaTeX Font Info:    Checking defaults for OML/cmm/m/it on input line 88.
LaTeX Font Info:    ... okay on input line 88.
LaTeX Font Info:    Checking defaults for T1/cmr/m/n on input line 88.
LaTeX Font Info:    ... okay on input line 88.
LaTeX Font Info:    Checking defaults for OT1/cmr/m/n on input line 88.
LaTeX Font Info:    ... okay on input line 88.
LaTeX Font Info:    Checking defaults for OMS/cmsy/m/n on input line 88.
LaTeX Font Info:    ... okay on input line 88.
LaTeX Font Info:    Checking defaults for OMX/cmex/m/n on input line 88.
LaTeX Font Info:    ... okay on input line 88.
LaTeX Font Info:    Checking defaults for U/cmr/m/n on input line 88.
LaTeX Font Info:    ... okay on input line 88.
LaTeX Font Info:    Checking defaults for PD1/pdf/m/n on input line 88.
LaTeX Font Info:    ... okay on input line 88.
LaTeX Font Info:    Try loading font information for OT1+ptm on input line 88.

(C:\CTEX\MiKTeX\tex\latex\psnfss\ot1ptm.fd
File: ot1ptm.fd 2001/06/04 font definitions for OT1/ptm.
)
\AtBeginShipoutBox=\box35
Package hyperref Info: Link coloring OFF on input line 88.

(C:\CTEX\MiKTeX\tex\latex\hyperref\nameref.sty
Package: nameref 2010/04/30 v2.40 Cross-referencing by name of section

(C:\CTEX\MiKTeX\tex\generic\oberdiek\gettitlestring.sty
Package: gettitlestring 2010/12/03 v1.4 Cleanup title references (HO)
)
\c@section@level=\count123
)
LaTeX Info: Redefining \ref on input line 88.
LaTeX Info: Redefining \pageref on input line 88.
LaTeX Info: Redefining \nameref on input line 88.

(D:\CTL-git\CTL-public\model-based\IJCAI-model-based-4-complexity.out)
(D:\CTL-git\CTL-public\model-based\IJCAI-model-based-4-complexity.out)
\@outlinefile=\write3
Package caption Info: Begin \AtBeginDocument code.
Package caption Info: subfigure package is loaded.
Package caption Info: End \AtBeginDocument code.

(C:\CTEX\MiKTeX\tex\context\base\supp-pdf.mkii
[Loading MPS to PDF converter (version 2006.09.02).]
\scratchcounter=\count124
\scratchdimen=\dimen147
\scratchbox=\box36
\nofMPsegments=\count125
\nofMParguments=\count126
\everyMPshowfont=\toks28
\MPscratchCnt=\count127
\MPscratchDim=\dimen148
\MPnumerator=\count128
\makeMPintoPDFobject=\count129
\everyMPtoPDFconversion=\toks29
)
\c@definition=\count130
\c@examp=\count131
\c@lemma=\count132
\c@proposition=\count133
\c@theorem=\count134
\titlearea=\box37
LaTeX Font Info:    Font shape `OT1/ptm/bx/n' in size <14.4> not available
(Font)              Font shape `OT1/ptm/b/n' tried instead on input line 206.
LaTeX Font Info:    Font shape `OT1/ptm/bx/n' in size <12> not available
(Font)              Font shape `OT1/ptm/b/n' tried instead on input line 206.


LaTeX Warning: No \author given.

\actualheight=\skip70

LaTeX Warning: No \author given.

LaTeX Font Info:    Try loading font information for U+msa on input line 226.
(C:\CTEX\MiKTeX\tex\latex\amsfonts\umsa.fd
File: umsa.fd 2009/06/22 v3.00 AMS symbols A
)
LaTeX Font Info:    Try loading font information for U+msb on input line 226.

(C:\CTEX\MiKTeX\tex\latex\amsfonts\umsb.fd
File: umsb.fd 2009/06/22 v3.00 AMS symbols B
)
LaTeX Font Info:    Font shape `OT1/ptm/bx/n' in size <10> not available
(Font)              Font shape `OT1/ptm/b/n' tried instead on input line 248.

<BVM.png, id=65, 290.08376pt x 115.43124pt>
File: BVM.png Graphic file (type png)
 <use BVM.png>
Package pdftex.def Info: BVM.png used on input line 259.
(pdftex.def)             Requested size: 142.26378pt x 56.60934pt.

Underfull \hbox (badness 1014) in paragraph at lines 249--262
[]\OT1/ptm/m/n/10 We give a sim-pli-fied vari-ant of an ex-am-ple
 []


Underfull \hbox (badness 1205) in paragraph at lines 249--262
\OT1/ptm/m/n/10 from [] []Baier and Ka-toen, 2008[][]. A Bev-er-age Vend-ing
 []

[1{C:/CTEX/UserData/pdftex/config/pdftex.map{Unicode.sfd}{UGBK.sfd}}



 <D:/CTL-git/CTL-public/model-based/BVM.png>]
LaTeX Font Info:    Font shape `OT1/ptm/bx/n' in size <10.95> not available
(Font)              Font shape `OT1/ptm/b/n' tried instead on input line 321.
LaTeX Font Info:    Try loading font information for OMS+ptm on input line 333.

 (C:\CTEX\MiKTeX\tex\latex\psnfss\omsptm.fd
File: omsptm.fd 
)
LaTeX Font Info:    Font shape `OMS/ptm/m/n' in size <10> not available
(Font)              Font shape `OMS/cmsy/m/n' tried instead on input line 333.

[2]
Underfull \hbox (badness 6842) in paragraph at lines 572--578
\OT1/ptm/m/n/10 In this case the mod-el struc-ture $\OMS/cmsy/m/n/10 M$ \OT1/pt
m/m/n/10 is called $\OML/cmm/m/it/10 V$\OT1/ptm/m/n/10 -
 []

[3]
Overfull \hbox (1.33292pt too wide) detected at line 586
\OML/cmm/m/it/10 ch\OT1/cmr/m/n/10 (\OMS/cmsy/m/n/10 M\OML/cmm/m/it/10 ; V\OT1/
cmr/m/n/10 ) = []
 []

LaTeX Font Info:    Font shape `OT1/ptm/bx/sc' in size <10.95> not available
(Font)              Font shape `OT1/ptm/b/sc' tried instead on input line 594.

Overfull \hbox (14.6415pt too wide) in paragraph at lines 638--638
[] 
 []

<k1.png, id=188, 463.7325pt x 195.73125pt>
File: k1.png Graphic file (type png)
 <use k1.png>
Package pdftex.def Info: k1.png used on input line 683.
(pdftex.def)             Requested size: 142.26378pt x 60.04587pt.
 [4 <D:/CTL-git/CTL-public/model-based/k1.png>]
LaTeX Font Info:    Font shape `OT1/ptm/bx/it' in size <10> not available
(Font)              Font shape `OT1/ptm/b/it' tried instead on input line 777.

Underfull \hbox (badness 10000) in paragraph at lines 837--838
[]
 []

[5]
LaTeX Font Info:    Font shape `OMS/ptm/m/it' in size <10> not available
(Font)              Font shape `OMS/cmsy/m/n' tried instead on input line 901.
LaTeX Font Info:    Font shape `OT1/ptm/bx/n' in size <9> not available
(Font)              Font shape `OT1/ptm/b/n' tried instead on input line 1043.


LaTeX Warning: Command \O invalid in math mode on input line 1043.


LaTeX Warning: Command \O invalid in math mode on input line 1044.


Underfull \hbox (badness 1655) in paragraph at lines 1086--1088
[]\OT1/ptm/m/n/10 Let $\OMS/cmsy/m/n/10 M[] \OT1/cmr/m/n/10 = (\OMS/cmsy/m/n/10
 ff\OML/cmm/m/it/10 p\OMS/cmsy/m/n/10 gg\OML/cmm/m/it/10 ; \OMS/cmsy/m/n/10 f\O
T1/cmr/m/n/10 (\OMS/cmsy/m/n/10 f\OML/cmm/m/it/10 p\OMS/cmsy/m/n/10 g\OML/cmm/m
/it/10 ; \OMS/cmsy/m/n/10 f\OML/cmm/m/it/10 p\OMS/cmsy/m/n/10 g\OT1/cmr/m/n/10 
)\OMS/cmsy/m/n/10 g\OML/cmm/m/it/10 ; \OMS/cmsy/m/n/10 f\OML/cmm/m/it/10 p\OMS/
cmsy/m/n/10 g\OT1/cmr/m/n/10 )$ \OT1/ptm/m/n/10 and $\OMS/cmsy/m/n/10 M[] \OT1/
cmr/m/n/10 =$
 []


Underfull \hbox (badness 1275) in paragraph at lines 1086--1088
\OT1/ptm/m/it/10 i.e. $[]\OT1/cmr/m/n/10 ([](\OML/cmm/m/it/10 '; V\OT1/cmr/m/n/
10 )) = \OMS/cmsy/m/n/10 fK[] \OT1/cmr/m/n/10 = (\OMS/cmsy/m/n/10 M[]\OML/cmm/m
/it/10 ; \OMS/cmsy/m/n/10 f\OML/cmm/m/it/10 p\OMS/cmsy/m/n/10 g\OT1/cmr/m/n/10 
)\OML/cmm/m/it/10 ; \OMS/cmsy/m/n/10 K[] \OT1/cmr/m/n/10 =$
 []

[6]
Underfull \hbox (badness 10000) in paragraph at lines 1169--1171

 []


Underfull \hbox (badness 10000) in paragraph at lines 1173--1177

 []

[7]
Underfull \hbox (badness 1033) in paragraph at lines 1250--1253
[]\OT1/ptm/m/n/10 (v) Let $\OMS/cmsy/m/n/10 K[] \OT1/cmr/m/n/10 = (\OMS/cmsy/m/
n/10 M[]\OML/cmm/m/it/10 ; s[]\OT1/cmr/m/n/10 )$ \OT1/ptm/m/n/10 and $\OT1/cmr/
m/n/10 (\OML/cmm/m/it/10 s[]; s[]\OT1/cmr/m/n/10 ) \OMS/cmsy/m/n/10 2 \OML/cmm/
m/it/10 R[]$
 []


Underfull \hbox (badness 1990) in paragraph at lines 1250--1253
\OT1/ptm/m/n/10 mean that $\OML/cmm/m/it/10 s[]$ \OT1/ptm/m/n/10 is the $\OT1/c
mr/m/n/10 (\OML/cmm/m/it/10 k \OT1/cmr/m/n/10 + 2)$\OT1/ptm/m/n/10 -th n-ode in
 the path
 []


Underfull \hbox (badness 10000) in paragraph at lines 1268--1269

 []


LaTeX Warning: Command \O invalid in math mode on input line 1284.


Underfull \hbox (badness 10000) in paragraph at lines 1321--1329

 []


Underfull \hbox (badness 1226) in paragraph at lines 1344--1349
\OT1/ptm/m/n/10 then $\OT1/cmr/m/n/10 (\OML/cmm/m/it/10 s[]; s[]\OT1/cmr/m/n/10
 ) \OMS/cmsy/m/n/10 2 B[]$\OT1/ptm/m/n/10 . $\OML/cmm/m/it/10 Tr[]\OT1/cmr/m/n/
10 (\OML/cmm/m/it/10 s[]\OT1/cmr/m/n/10 ) \OMS/cmsy/m/n/10 $[] \OML/cmm/m/it/10
 Tr[]\OT1/cmr/m/n/10 (\OML/cmm/m/it/10 s[]\OT1/cmr/m/n/10 )$ \OT1/ptm/m/n/10 im
-plies
 []


Underfull \hbox (badness 1577) in paragraph at lines 1344--1349
$\OML/cmm/m/it/10 L\OT1/cmr/m/n/10 (\OML/cmm/m/it/10 s[]\OT1/cmr/m/n/10 ) \OMS/
cmsy/m/n/10   \OML/cmm/m/it/10 V \OT1/cmr/m/n/10 = \OML/cmm/m/it/10 L[]\OT1/cmr
/m/n/10 (\OML/cmm/m/it/10 s[]\OT1/cmr/m/n/10 ) \OMS/cmsy/m/n/10   \OML/cmm/m/it
/10 V$ \OT1/ptm/m/n/10 and then $\OT1/cmr/m/n/10 (\OML/cmm/m/it/10 s; s[]\OT1/c
mr/m/n/10 ) \OMS/cmsy/m/n/10 2 B[]$\OT1/ptm/m/n/10 .
 []


Underfull \hbox (badness 10000) in paragraph at lines 1344--1349

 []


Underfull \hbox (badness 10000) in paragraph at lines 1350--1357

 []

[8]
Underfull \hbox (badness 10000) in paragraph at lines 1373--1389
\OT1/ptm/m/n/10 there is if $[][]\OT1/cmr/m/n/10 (\OML/cmm/m/it/10 s[]\OT1/cmr/
m/n/10 ) \OMS/cmsy/m/n/10 $[] [][]\OT1/cmr/m/n/10 (\OML/cmm/m/it/10 s[]\OT1/cmr
/m/n/10 )$ \OT1/ptm/m/n/10 then
 []


Underfull \hbox (badness 10000) in paragraph at lines 1373--1389
$\OMS/cmsy/m/n/10 F[]\OT1/cmr/m/n/10 ([][](\OML/cmm/m/it/10 s[]\OT1/cmr/m/n/10 
)) \OMS/cmsy/m/n/10  F[]\OT1/cmr/m/n/10 ([][](\OML/cmm/m/it/10 s[]\OT1/cmr/m/n
/10 ))$\OT1/ptm/m/n/10 , then we will
 []


Underfull \hbox (badness 10000) in paragraph at lines 1373--1389
\OT1/ptm/m/n/10 show if $[][]\OT1/cmr/m/n/10 (\OML/cmm/m/it/10 s[]\OT1/cmr/m/n/
10 ) \OMS/cmsy/m/n/10 $[] [][]\OT1/cmr/m/n/10 (\OML/cmm/m/it/10 s[]\OT1/cmr/m/n
/10 )$ \OT1/ptm/m/n/10 then
 []


Underfull \hbox (badness 1960) in paragraph at lines 1373--1389
$\OMS/cmsy/m/n/10 F[]\OT1/cmr/m/n/10 ([][](\OML/cmm/m/it/10 s[]\OT1/cmr/m/n/10 
)) \OMS/cmsy/m/n/10  F[]\OT1/cmr/m/n/10 ([][](\OML/cmm/m/it/10 s[]\OT1/cmr/m/n
/10 ))$\OT1/ptm/m/n/10 . Ap-par-
 []


Overfull \hbox (3.84908pt too wide) in paragraph at lines 1373--1389
$\OMS/cmsy/m/n/10 F[]\OT1/cmr/m/n/10 ([][](\OML/cmm/m/it/10 s[]\OT1/cmr/m/n/10 
)) =$ $[] \OMS/cmsy/m/n/10 ^$
 []


Overfull \hbox (3.84908pt too wide) in paragraph at lines 1373--1389
$\OMS/cmsy/m/n/10 F[]\OT1/cmr/m/n/10 ([][](\OML/cmm/m/it/10 s[]\OT1/cmr/m/n/10 
)) =$ $[] \OMS/cmsy/m/n/10 ^$
 []


Underfull \hbox (badness 2478) in paragraph at lines 1373--1389
$[][] [] \OMS/cmsy/m/n/10 ^ F[]\OT1/cmr/m/n/10 ([][](\OML/cmm/m/it/10 s[]\OT1/c
mr/m/n/10 ))$ \OT1/ptm/m/n/10 by
 []


Underfull \hbox (badness 1072) in paragraph at lines 1373--1389
\OT1/ptm/m/n/10 by $[][]\OT1/cmr/m/n/10 (\OML/cmm/m/it/10 s[]\OT1/cmr/m/n/10 ) 
\OMS/cmsy/m/n/10 $[] [][]\OT1/cmr/m/n/10 (\OML/cmm/m/it/10 s[]\OT1/cmr/m/n/10 )
$\OT1/ptm/m/n/10 . Be-sides, for
 []


Underfull \hbox (badness 3930) in paragraph at lines 1373--1389
$[][]\OT1/cmr/m/n/10 (\OML/cmm/m/it/10 s[]\OT1/cmr/m/n/10 ) \OMS/cmsy/m/n/10 $[
] [][]\OT1/cmr/m/n/10 (\OML/cmm/m/it/10 s[]\OT1/cmr/m/n/10 )$ \OT1/ptm/m/n/10 b
y $[][]\OT1/cmr/m/n/10 (\OML/cmm/m/it/10 s[]\OT1/cmr/m/n/10 ) \OMS/cmsy/m/n/10 
$[]$
 []


Underfull \hbox (badness 10000) in paragraph at lines 1373--1389

 []


Underfull \hbox (badness 10000) in paragraph at lines 1442--1453
\OT1/ptm/m/n/10 S-ince $\OT1/cmr/m/n/10 (\OMS/cmsy/m/n/10 M\OML/cmm/m/it/10 ; s
\OT1/cmr/m/n/10 ) \OMS/cmsy/m/n/10 j[]\OT1/cmr/m/n/10 = \OMS/cmsy/m/n/10 F[]\OT
1/cmr/m/n/10 ([][](\OML/cmm/m/it/10 s[]\OT1/cmr/m/n/10 ))$\OT1/ptm/m/n/10 , the
n $\OT1/cmr/m/n/10 (\OMS/cmsy/m/n/10 M\OML/cmm/m/it/10 ; s\OT1/cmr/m/n/10 ) \OM
S/cmsy/m/n/10 j[]\OT1/cmr/m/n/10 =$
 []


Underfull \hbox (badness 3977) in paragraph at lines 1442--1453
$[][] []$\OT1/ptm/m/n/10 . There-fore, for each
 []


Underfull \hbox (badness 1448) in paragraph at lines 1442--1453
\OT1/ptm/m/n/10 a $\OT1/cmr/m/n/10 (\OML/cmm/m/it/10 s; s[]\OT1/cmr/m/n/10 ) \O
MS/cmsy/m/n/10 2 \OML/cmm/m/it/10 R$ \OT1/ptm/m/n/10 such that $[][]\OT1/cmr/m/
n/10 (\OML/cmm/m/it/10 s[]\OT1/cmr/m/n/10 ) \OMS/cmsy/m/n/10 $[] [][]\OT1/cmr/m
/n/10 (\OML/cmm/m/it/10 s[]\OT1/cmr/m/n/10 )$\OT1/ptm/m/n/10 .
 []


Underfull \hbox (badness 10000) in paragraph at lines 1442--1453
\OT1/ptm/m/n/10 S-ince $\OT1/cmr/m/n/10 (\OMS/cmsy/m/n/10 M\OML/cmm/m/it/10 ; s
\OT1/cmr/m/n/10 ) \OMS/cmsy/m/n/10 j[]\OT1/cmr/m/n/10 = \OMS/cmsy/m/n/10 F[]\OT
1/cmr/m/n/10 ([][](\OML/cmm/m/it/10 s[]\OT1/cmr/m/n/10 ))$\OT1/ptm/m/n/10 , the
n $\OT1/cmr/m/n/10 (\OMS/cmsy/m/n/10 M\OML/cmm/m/it/10 ; s\OT1/cmr/m/n/10 ) \OM
S/cmsy/m/n/10 j[]\OT1/cmr/m/n/10 =$
 []


Underfull \hbox (badness 10000) in paragraph at lines 1442--1453
$[][] [][]\OMS/cmsy/m/n/10 F[]\OT1/cmr/m/n/10 ([][](\OML/cmm/m/it/10 s[]\OT1/cm
r/m/n/10 ))$\OT1/ptm/m/n/10 . There-fore, for each
 []


Underfull \hbox (badness 1067) in paragraph at lines 1442--1453
$\OMS/cmsy/m/n/10 F[]\OT1/cmr/m/n/10 ([][](\OML/cmm/m/it/10 s[]\OT1/cmr/m/n/10 
)$\OT1/ptm/m/n/10 . Hence, $[][]\OT1/cmr/m/n/10 (\OML/cmm/m/it/10 s[]\OT1/cmr/m
/n/10 ) \OMS/cmsy/m/n/10 $[] [][]\OT1/cmr/m/n/10 (\OML/cmm/m/it/10 s[]\OT1/cmr/
m/n/10 )$ \OT1/ptm/m/n/10 by
 []


Underfull \hbox (badness 10000) in paragraph at lines 1442--1453

 []


Underfull \hbox (badness 10000) in paragraph at lines 1466--1469

 []

[9]
Underfull \hbox (badness 2875) in paragraph at lines 1489--1493
$\OMS/cmsy/m/n/10 )$ $\OT1/cmr/m/n/10 (\OMS/cmsy/m/n/10 M\OML/cmm/m/it/10 ; s[]
\OT1/cmr/m/n/10 ) \OMS/cmsy/m/n/10 j[]\OT1/cmr/m/n/10 =$ $[][] [][]\OMS/cmsy/m/
n/10 F[]\OT1/cmr/m/n/10 ([][](\OML/cmm/m/it/10 s[]\OT1/cmr/m/n/10 ))$  \OT1/ptm
/m/n/10 (by
 []


Underfull \hbox (badness 10000) in paragraph at lines 1494--1500

 []


Underfull \hbox (badness 10000) in paragraph at lines 1519--1525
$[] \OMS/cmsy/m/n/10 ^$
 []


Underfull \hbox (badness 10000) in paragraph at lines 1519--1525
\OT1/ptm/m/n/10 (I) $\OT1/cmr/m/n/10 (\OMS/cmsy/m/n/10 M[]\OML/cmm/m/it/10 ; s[
]\OT1/cmr/m/n/10 ) \OMS/cmsy/m/n/10 j[]\OT1/cmr/m/n/10 = \OMS/cmsy/m/n/10 F[]\O
T1/cmr/m/n/10 ([][](\OML/cmm/m/it/10 s[]\OT1/cmr/m/n/10 )) \OMS/cmsy/m/n/10 !$
 []


Underfull \hbox (badness 10000) in paragraph at lines 1519--1525
$[]$ $\OMS/cmsy/m/n/10 ^$
 []


Underfull \hbox (badness 10000) in paragraph at lines 1519--1525
\OT1/ptm/m/n/10 (III) $\OT1/cmr/m/n/10 (\OMS/cmsy/m/n/10 M[]\OML/cmm/m/it/10 ; 
s[]\OT1/cmr/m/n/10 ) \OMS/cmsy/m/n/10 j[]\OT1/cmr/m/n/10 = []$ $\OMS/cmsy/m/n/1
0 ^$
 []


Underfull \hbox (badness 10000) in paragraph at lines 1519--1525

 []


Underfull \hbox (badness 10000) in paragraph at lines 1527--1539
\OT1/ptm/m/n/10 (5) $\OT1/cmr/m/n/10 (\OMS/cmsy/m/n/10 M[]\OML/cmm/m/it/10 ; s[
]\OT1/cmr/m/n/10 ) \OMS/cmsy/m/n/10 j[]\OT1/cmr/m/n/10 = \OMS/cmsy/m/n/10 F[]\O
T1/cmr/m/n/10 ([][](\OML/cmm/m/it/10 s[]\OT1/cmr/m/n/10 )) \OMS/cmsy/m/n/10 !$
 []


Underfull \hbox (badness 10000) in paragraph at lines 1527--1539
$[] \OMS/cmsy/m/n/10 ^$
 []


Underfull \hbox (badness 10000) in paragraph at lines 1527--1539
\OT1/ptm/m/n/10 (6) $\OT1/cmr/m/n/10 (\OMS/cmsy/m/n/10 M[]\OML/cmm/m/it/10 ; s[
]\OT1/cmr/m/n/10 ) \OMS/cmsy/m/n/10 j[]\OT1/cmr/m/n/10 = [] \OMS/cmsy/m/n/10 ^$

 []


Underfull \hbox (badness 4108) in paragraph at lines 1527--1539
\OT1/ptm/m/n/10 (8) $\OT1/cmr/m/n/10 (\OMS/cmsy/m/n/10 M[]\OML/cmm/m/it/10 ; s[
]\OT1/cmr/m/n/10 ) \OMS/cmsy/m/n/10 j[]\OT1/cmr/m/n/10 = [] \OMS/cmsy/m/n/10 ^$

 []


Underfull \hbox (badness 10000) in paragraph at lines 1527--1539

 []


Underfull \hbox (badness 10000) in paragraph at lines 1540--1545

 []


Underfull \hbox (badness 10000) in paragraph at lines 1548--1549

 []


LaTeX Warning: Command \O invalid in math mode on input line 1556.


Underfull \hbox (badness 7415) in paragraph at lines 1554--1558
\OT1/ptm/b/n/10 Proof: \OT1/ptm/m/n/10 Let $\OT1/cmr/m/n/10 (\OMS/cmsy/m/n/10 M
[]\OML/cmm/m/it/10 ; s[]\OT1/cmr/m/n/10 )$ \OT1/ptm/m/n/10 be a mod-el of $\OML
/cmm/m/it/10 '$\OT1/ptm/m/n/10 . Then
 []


Underfull \hbox (badness 10000) in paragraph at lines 1554--1558
$\OT1/cmr/m/n/10 (\OMS/cmsy/m/n/10 M[]\OML/cmm/m/it/10 ; s[]\OT1/cmr/m/n/10 ) \
OMS/cmsy/m/n/10 j[]\OT1/cmr/m/n/10 = [][] \OMS/cmsy/m/n/10 F[]\OT1/cmr/m/n/10 (
\OMS/cmsy/m/n/10 M\OML/cmm/m/it/10 ; s[]\OT1/cmr/m/n/10 )$ \OT1/ptm/m/n/10 due 
to
 []


Underfull \hbox (badness 10000) in paragraph at lines 1554--1558
\OT1/ptm/m/n/10 Then there is a $\OT1/cmr/m/n/10 (\OMS/cmsy/m/n/10 M\OML/cmm/m/
it/10 ; s[]\OT1/cmr/m/n/10 ) \OMS/cmsy/m/n/10 2 []\OT1/cmr/m/n/10 (\OML/cmm/m/i
t/10 '\OT1/cmr/m/n/10 )$ \OT1/ptm/m/n/10 such that
 []


Underfull \hbox (badness 10000) in paragraph at lines 1554--1558

 []

[10]
Underfull \hbox (badness 10000) in paragraph at lines 1582--1583
[]\OT1/ptm/m/n/10 Secondly, sup-pose that $\OT1/cmr/m/n/10 (\OMS/cmsy/m/n/10 M[
]\OML/cmm/m/it/10 ; s[]\OT1/cmr/m/n/10 )$ \OT1/ptm/m/n/10 is a mod-el-
 []


Underfull \hbox (badness 10000) in paragraph at lines 1582--1583
\OT1/ptm/m/n/10 s of $\OMS/cmsy/m/n/10 f\OML/cmm/m/it/10 \OMS/cmsy/m/n/10 j\OM
L/cmm/m/it/10 ' \OMS/cmsy/m/n/10 j[]\OT1/cmr/m/n/10 = \OML/cmm/m/it/10 ; []\OT
1/cmr/m/n/10 (\OML/cmm/m/it/10 ; V\OT1/cmr/m/n/10 )\OMS/cmsy/m/n/10 g$\OT1/ptm
/m/n/10 . Thus, $\OT1/cmr/m/n/10 (\OMS/cmsy/m/n/10 M[]\OML/cmm/m/it/10 ; s[]\OT
1/cmr/m/n/10 )$
 []


Underfull \hbox (badness 10000) in paragraph at lines 1582--1583
$\OMS/cmsy/m/n/10 j[]\OT1/cmr/m/n/10 =$ $[][] \OMS/cmsy/m/n/10 F[]\OT1/cmr/m/n/
10 (\OMS/cmsy/m/n/10 M\OML/cmm/m/it/10 ; s[]\OT1/cmr/m/n/10 )$ \OT1/ptm/m/n/10 
due to
 []


Underfull \hbox (badness 10000) in paragraph at lines 1584--1585
[]\OT1/ptm/m/n/10 Finally, sup-pose that $\OT1/cmr/m/n/10 (\OMS/cmsy/m/n/10 M[]
\OML/cmm/m/it/10 ; s[]\OT1/cmr/m/n/10 )$ \OT1/ptm/m/n/10 is a mod-el of
 []


Underfull \hbox (badness 10000) in paragraph at lines 1584--1585
$[][] \OMS/cmsy/m/n/10 F[]\OT1/cmr/m/n/10 (\OMS/cmsy/m/n/10 M\OML/cmm/m/it/10 ;
 s[]\OT1/cmr/m/n/10 )$\OT1/ptm/m/n/10 . Then there ex-ist-s
 []


Underfull \hbox (badness 10000) in paragraph at lines 1596--1598

 []


Underfull \hbox (badness 4595) in paragraph at lines 1618--1623
\OT1/ptm/m/n/10 and then $\OT1/cmr/m/n/10 (\OMS/cmsy/m/n/10 M\OML/cmm/m/it/10 ;
 s\OT1/cmr/m/n/10 ) \OMS/cmsy/m/n/10 j[]\OT1/cmr/m/n/10 = [](\OML/cmm/m/it/10 '
 \OMS/cmsy/m/n/10 ^ \OT1/cmr/m/n/10 (\OML/cmm/m/it/10 q \OMS/cmsy/m/n/10 $ \OML
/cmm/m/it/10 \OT1/cmr/m/n/10 )\OML/cmm/m/it/10 ; q\OT1/cmr/m/n/10 )$ \OT1/ptm/
m/n/10 by
 []


Underfull \hbox (badness 10000) in paragraph at lines 1618--1623

 []


Underfull \hbox (badness 2772) in paragraph at lines 1654--1656
\OT1/ptm/m/n/10 of $[]\OT1/cmr/m/n/10 ([](\OML/cmm/m/it/10 '; p\OT1/cmr/m/n/10 
)\OML/cmm/m/it/10 ; V\OT1/cmr/m/n/10 )$\OT1/ptm/m/n/10 , then there ex-ist-s an
 ini-tial \OT1/ptm/m/sc/10 k\OT1/ptm/m/n/10 -
 []


Underfull \hbox (badness 10000) in paragraph at lines 1654--1656

 []


Underfull \hbox (badness 10000) in paragraph at lines 1676--1680
$\OT1/cmr/m/n/10 (\OMS/cmsy/m/n/10 M[]\OML/cmm/m/it/10 ; s[]\OT1/cmr/m/n/10 )$ 
\OT1/ptm/m/n/10 or $\OMS/cmsy/m/n/10 9\OT1/cmr/m/n/10 (\OMS/cmsy/m/n/10 M[]\OML
/cmm/m/it/10 ; s[]\OT1/cmr/m/n/10 ) \OMS/cmsy/m/n/10 2 []\OT1/cmr/m/n/10 ([](\O
ML/cmm/m/it/10  []; V\OT1/cmr/m/n/10 ))$ \OT1/ptm/m/n/10 s.t.
 []

[11]
Underfull \hbox (badness 10000) in paragraph at lines 1688--1690

 []


Underfull \hbox (badness 10000) in paragraph at lines 1710--1711
\OT1/ptm/m/n/10 we on-ly need to prove $[]\OT1/cmr/m/n/10 ([]([][]\OML/cmm/m/it
/10 ; V\OT1/cmr/m/n/10 )) =$
 []


Underfull \hbox (badness 2261) in paragraph at lines 1712--1719
$\OMS/cmsy/m/n/10 )$ \OT1/ptm/m/n/10 for any sub-structure $\OT1/cmr/m/n/10 (\O
MS/cmsy/m/n/10 M[]\OML/cmm/m/it/10 ; s[]\OT1/cmr/m/n/10 )$ \OT1/ptm/m/n/10 of $
\OT1/cmr/m/n/10 (\OMS/cmsy/m/n/10 M\OML/cmm/m/it/10 ; s\OT1/cmr/m/n/10 )$ \OT1/
ptm/m/n/10 there is
 []


Underfull \hbox (badness 7291) in paragraph at lines 1726--1727
\OT1/ptm/m/n/10 we on-ly need to prove $[]$ $\OT1/cmr/m/n/10 ([]([][]\OML/cmm/m
/it/10 $\OT1/ptm/m/n/10 , $\OML/cmm/m/it/10 V\OT1/cmr/m/n/10 )) =$
 []


Underfull \hbox (badness 4846) in paragraph at lines 1728--1735
$\OMS/cmsy/m/n/10 )$ \OT1/ptm/m/n/10 there is a sub-structure $\OT1/cmr/m/n/10 
(\OMS/cmsy/m/n/10 M[]\OML/cmm/m/it/10 ; s[]\OT1/cmr/m/n/10 )$ \OT1/ptm/m/n/10 o
f $\OT1/cmr/m/n/10 (\OMS/cmsy/m/n/10 M\OML/cmm/m/it/10 ; s\OT1/cmr/m/n/10 )$ \O
T1/ptm/m/n/10 s.t.
 []


Underfull \hbox (badness 10000) in paragraph at lines 1743--1745

 []


Underfull \hbox (badness 1275) in paragraph at lines 1748--1757
\OT1/ptm/m/n/10 propo-si-tion-al vari-able for-get-ting is NP-hard [] []Zhang a
nd
 []


Underfull \hbox (badness 10000) in paragraph at lines 1748--1757

 []

[12]
Underfull \hbox (badness 1048) in paragraph at lines 1782--1783
$[]\OT1/cmr/m/n/10 (\OML/cmm/m/it/10 '; V\OT1/cmr/m/n/10 )$ \OT1/ptm/m/n/10 but
 $\OT1/cmr/m/n/10 (\OMS/cmsy/m/n/10 M\OML/cmm/m/it/10 ; s\OT1/cmr/m/n/10 ) \U/m
sb/m/n/10 2 []\OT1/cmr/m/n/10 (\OML/cmm/m/it/10  ; V\OT1/cmr/m/n/10 )$\OT1/ptm/
m/n/10 , \OT1/ptm/m/it/10 i.e. \OT1/ptm/m/n/10 , there is
 []


Underfull \hbox (badness 1400) in paragraph at lines 1784--1785
[]\OT1/ptm/m/n/10 Hardness. It fol-lows from (2) due to the fac-t that
 []


Underfull \hbox (badness 10000) in paragraph at lines 1786--1787

 []


Underfull \hbox (badness 10000) in paragraph at lines 1800--1802

 []


Underfull \hbox (badness 10000) in paragraph at lines 1814--1817

 []


Underfull \hbox (badness 10000) in paragraph at lines 1837--1843

 []


Underfull \hbox (badness 10000) in paragraph at lines 1878--1880

 []

[13]
Underfull \hbox (badness 10000) in paragraph at lines 1905--1908

 []

(D:\CTL-git\CTL-public\model-based\IJCAI-model-based-4-complexity.bbl
Underfull \hbox (badness 4217) in paragraph at lines 16--20
[]\OT1/ptm/m/n/10 Michael C. Browne, Ed-mund M.
 []


Underfull \hbox (badness 1052) in paragraph at lines 54--58
\OT1/ptm/m/n/10 Kern-Isberner.  A brief sur-vey on for-get-ting from a
 []


Underfull \hbox (badness 1622) in paragraph at lines 71--74
\OT1/ptm/m/n/10 On propo-si-tion-al de-fin-abil-i-ty.  \OT1/ptm/m/it/10 Ar-ti-f
i-cial In-tel-li-gence\OT1/ptm/m/n/10 ,
 []


Underfull \hbox (badness 3029) in paragraph at lines 82--86
[]\OT1/ptm/m/n/10 J[]er[]ome Lang, Pao-lo Lib-er-a-tore, and
 []


Underfull \hbox (badness 2409) in paragraph at lines 117--123
[]\OT1/ptm/m/n/10 Carsten Lutz and Frank Wolter.
 []


Underfull \hbox (badness 10000) in paragraph at lines 126--130
[]\OT1/ptm/m/n/10 Ulises
 []


Underfull \hbox (badness 4752) in paragraph at lines 126--130
\OT1/ptm/m/n/10 Martinez-Araiza and Ernesto L[]opez-Mellado.  Ctl
 []


Underfull \hbox (badness 1147) in paragraph at lines 126--130
\OT1/ptm/m/n/10 mod-elled as owfn.  \OT1/ptm/m/it/10 IFAC-PapersOnLine\OT1/ptm/
m/n/10 , 49(2):6--11,
 []

[14]
Underfull \hbox (badness 1776) in paragraph at lines 194--197
[]\OT1/ptm/m/n/10 Yan Zhang and Nor-man Y. Foo.
 []


Underfull \hbox (badness 4048) in paragraph at lines 219--224
[]\OT1/ptm/m/n/10 Yizheng Zhao and Re-nate A
 []

)
Package atveryend Info: Empty hook `BeforeClearDocument' on input line 1913.
 [15

]
Package atveryend Info: Empty hook `AfterLastShipout' on input line 1913.
 (D:\CTL-git\CTL-public\model-based\IJCAI-model-based-4-complexity.aux)
Package atveryend Info: Executing hook `AtVeryEndDocument' on input line 1913.
Package atveryend Info: Executing hook `AtEndAfterFileList' on input line 1913.

Package rerunfilecheck Info: File `IJCAI-model-based-4-complexity.out' has not 
changed.
(rerunfilecheck)             Checksum: 7CADB74220C19DCEB89442FDE096CCF4;872.
 ) 
Here is how much of TeX's memory you used:
 8927 strings out of 495354
 125264 string characters out of 3183858
 257724 words of memory out of 3000000
 11777 multiletter control sequences out of 15000+200000
 34074 words of font info for 61 fonts, out of 3000000 for 9000
 14 hyphenation exceptions out of 8191
 36i,20n,38p,1471b,611s stack positions out of 5000i,500n,10000p,200000b,50000s
{C:/CTEX/MiKTeX/fonts/enc/dvips/fontname/8r.enc}<C:/CTEX/MiKTeX/fonts/type1/p
ublic/amsfonts/cm/cmex10.pfb><C:/CTEX/MiKTeX/fonts/type1/public/amsfonts/cm/cmm
i10.pfb><C:/CTEX/MiKTeX/fonts/type1/public/amsfonts/cm/cmmi5.pfb><C:/CTEX/MiKTe
X/fonts/type1/public/amsfonts/cm/cmmi7.pfb><C:/CTEX/MiKTeX/fonts/type1/public/a
msfonts/cm/cmr10.pfb><C:/CTEX/MiKTeX/fonts/type1/public/amsfonts/cm/cmr5.pfb><C
:/CTEX/MiKTeX/fonts/type1/public/amsfonts/cm/cmr7.pfb><C:/CTEX/MiKTeX/fonts/typ
e1/public/amsfonts/cm/cmsy10.pfb><C:/CTEX/MiKTeX/fonts/type1/public/amsfonts/cm
/cmsy5.pfb><C:/CTEX/MiKTeX/fonts/type1/public/amsfonts/cm/cmsy7.pfb><C:/CTEX/Mi
KTeX/fonts/type1/public/amsfonts/symbols/msbm10.pfb><C:/CTEX/MiKTeX/fonts/type1
/urw/times/utmb8a.pfb><C:/CTEX/MiKTeX/fonts/type1/urw/times/utmbi8a.pfb><C:/CTE
X/MiKTeX/fonts/type1/urw/times/utmr8a.pfb><C:/CTEX/MiKTeX/fonts/type1/urw/times
/utmri8a.pfb>
Output written on IJCAI-model-based-4-complexity.pdf (15 pages, 349833 bytes).
PDF statistics:
 533 PDF objects out of 1000 (max. 8388607)
 200 named destinations out of 1000 (max. 500000)
 115 words of extra memory for PDF output out of 10000 (max. 10000000)

